0 info it worked if it ends with ok
1 verbose cli [ '/usr/bin/node', '/usr/bin/npm', 'install' ]
2 info using npm@1.4.28
3 info using node@v0.10.40
4 verbose node symlink /usr/bin/node
5 verbose readDependencies using package.json deps
6 verbose install where, deps [ '/media/shediv/f4172ce9-0c83-4af4-a51f-69e5b9b065ba/nodeSkeleton',
6 verbose install   [ 'async',
6 verbose install     'body-parser',
6 verbose install     'cookie-parser',
6 verbose install     'debug',
6 verbose install     'ejs',
6 verbose install     'email-templates',
6 verbose install     'express',
6 verbose install     'express-cors',
6 verbose install     'file-stream-rotator',
6 verbose install     'jade',
6 verbose install     'jsonwebtoken',
6 verbose install     'md5',
6 verbose install     'mkdirp',
6 verbose install     'mongoose',
6 verbose install     'morgan',
6 verbose install     'nodemailer',
6 verbose install     'password-hash',
6 verbose install     'serve-favicon',
6 verbose install     'underscore' ] ]
7 info preinstall tma-api@0.0.1
8 warn package.json express-cors@0.0.3 No repository field.
9 verbose readDependencies using package.json deps
10 verbose already installed skipping cookie-parser@~1.3.5 /media/shediv/f4172ce9-0c83-4af4-a51f-69e5b9b065ba/nodeSkeleton
11 verbose already installed skipping debug@~2.2.0 /media/shediv/f4172ce9-0c83-4af4-a51f-69e5b9b065ba/nodeSkeleton
12 verbose already installed skipping ejs@^2.3.4 /media/shediv/f4172ce9-0c83-4af4-a51f-69e5b9b065ba/nodeSkeleton
13 verbose already installed skipping email-templates@^2.0.1 /media/shediv/f4172ce9-0c83-4af4-a51f-69e5b9b065ba/nodeSkeleton
14 verbose already installed skipping express@~4.12.4 /media/shediv/f4172ce9-0c83-4af4-a51f-69e5b9b065ba/nodeSkeleton
15 verbose already installed skipping express-cors@0.0.3 /media/shediv/f4172ce9-0c83-4af4-a51f-69e5b9b065ba/nodeSkeleton
16 verbose already installed skipping file-stream-rotator@0.0.6 /media/shediv/f4172ce9-0c83-4af4-a51f-69e5b9b065ba/nodeSkeleton
17 verbose already installed skipping jade@~1.9.2 /media/shediv/f4172ce9-0c83-4af4-a51f-69e5b9b065ba/nodeSkeleton
18 verbose already installed skipping jsonwebtoken@^5.0.4 /media/shediv/f4172ce9-0c83-4af4-a51f-69e5b9b065ba/nodeSkeleton
19 verbose already installed skipping md5@^2.0.0 /media/shediv/f4172ce9-0c83-4af4-a51f-69e5b9b065ba/nodeSkeleton
20 verbose already installed skipping mkdirp@^0.5.1 /media/shediv/f4172ce9-0c83-4af4-a51f-69e5b9b065ba/nodeSkeleton
21 verbose already installed skipping mongoose@^4.1.0 /media/shediv/f4172ce9-0c83-4af4-a51f-69e5b9b065ba/nodeSkeleton
22 verbose already installed skipping morgan@~1.5.3 /media/shediv/f4172ce9-0c83-4af4-a51f-69e5b9b065ba/nodeSkeleton
23 verbose already installed skipping nodemailer@^1.4.0 /media/shediv/f4172ce9-0c83-4af4-a51f-69e5b9b065ba/nodeSkeleton
24 verbose already installed skipping password-hash@^1.2.2 /media/shediv/f4172ce9-0c83-4af4-a51f-69e5b9b065ba/nodeSkeleton
25 verbose already installed skipping serve-favicon@~2.2.1 /media/shediv/f4172ce9-0c83-4af4-a51f-69e5b9b065ba/nodeSkeleton
26 verbose already installed skipping underscore@^1.8.3 /media/shediv/f4172ce9-0c83-4af4-a51f-69e5b9b065ba/nodeSkeleton
27 verbose already installed skipping async@^1.4.0 /media/shediv/f4172ce9-0c83-4af4-a51f-69e5b9b065ba/nodeSkeleton
28 verbose already installed skipping body-parser@~1.12.4 /media/shediv/f4172ce9-0c83-4af4-a51f-69e5b9b065ba/nodeSkeleton
29 silly resolved []
30 info build /media/shediv/f4172ce9-0c83-4af4-a51f-69e5b9b065ba/nodeSkeleton
31 verbose linkStuff [ false,
31 verbose linkStuff   false,
31 verbose linkStuff   false,
31 verbose linkStuff   '/media/shediv/f4172ce9-0c83-4af4-a51f-69e5b9b065ba' ]
32 info linkStuff tma-api@0.0.1
33 verbose linkBins tma-api@0.0.1
34 verbose linkMans tma-api@0.0.1
35 verbose rebuildBundles tma-api@0.0.1
36 verbose rebuildBundles [ '.bin',
36 verbose rebuildBundles   'async',
36 verbose rebuildBundles   'body-parser',
36 verbose rebuildBundles   'cookie-parser',
36 verbose rebuildBundles   'debug',
36 verbose rebuildBundles   'ejs',
36 verbose rebuildBundles   'email-templates',
36 verbose rebuildBundles   'express',
36 verbose rebuildBundles   'express-cors',
36 verbose rebuildBundles   'file-stream-rotator',
36 verbose rebuildBundles   'imagemagick',
36 verbose rebuildBundles   'jade',
36 verbose rebuildBundles   'jsonwebtoken',
36 verbose rebuildBundles   'md5',
36 verbose rebuildBundles   'mkdirp',
36 verbose rebuildBundles   'mongoose',
36 verbose rebuildBundles   'morgan',
36 verbose rebuildBundles   'msexcel-builder',
36 verbose rebuildBundles   'multer',
36 verbose rebuildBundles   'node-sass',
36 verbose rebuildBundles   'node-xlsx',
36 verbose rebuildBundles   'nodemailer',
36 verbose rebuildBundles   'password-hash',
36 verbose rebuildBundles   'serve-favicon',
36 verbose rebuildBundles   'underscore' ]
37 verbose rebuild bundle /media/shediv/f4172ce9-0c83-4af4-a51f-69e5b9b065ba/nodeSkeleton/node_modules/imagemagick
38 info build /media/shediv/f4172ce9-0c83-4af4-a51f-69e5b9b065ba/nodeSkeleton/node_modules/imagemagick
39 info preinstall imagemagick@0.1.3
40 verbose linkStuff [ false,
40 verbose linkStuff   false,
40 verbose linkStuff   false,
40 verbose linkStuff   '/media/shediv/f4172ce9-0c83-4af4-a51f-69e5b9b065ba/nodeSkeleton/node_modules' ]
41 info linkStuff imagemagick@0.1.3
42 verbose linkBins imagemagick@0.1.3
43 verbose linkMans imagemagick@0.1.3
44 verbose rebuildBundles imagemagick@0.1.3
45 info install imagemagick@0.1.3
46 info postinstall imagemagick@0.1.3
47 verbose rebuild bundle /media/shediv/f4172ce9-0c83-4af4-a51f-69e5b9b065ba/nodeSkeleton/node_modules/msexcel-builder
48 info build /media/shediv/f4172ce9-0c83-4af4-a51f-69e5b9b065ba/nodeSkeleton/node_modules/msexcel-builder
49 info preinstall msexcel-builder@0.0.2
50 verbose linkStuff [ false,
50 verbose linkStuff   false,
50 verbose linkStuff   false,
50 verbose linkStuff   '/media/shediv/f4172ce9-0c83-4af4-a51f-69e5b9b065ba/nodeSkeleton/node_modules' ]
51 info linkStuff msexcel-builder@0.0.2
52 verbose linkBins msexcel-builder@0.0.2
53 verbose linkMans msexcel-builder@0.0.2
54 verbose rebuildBundles msexcel-builder@0.0.2
55 verbose rebuildBundles [ 'async', 'easy-zip', 'fs-extra', 'xmlbuilder' ]
56 info install msexcel-builder@0.0.2
57 info postinstall msexcel-builder@0.0.2
58 verbose rebuild bundle /media/shediv/f4172ce9-0c83-4af4-a51f-69e5b9b065ba/nodeSkeleton/node_modules/multer
59 info build /media/shediv/f4172ce9-0c83-4af4-a51f-69e5b9b065ba/nodeSkeleton/node_modules/multer
60 info preinstall multer@1.1.0
61 verbose linkStuff [ false,
61 verbose linkStuff   false,
61 verbose linkStuff   false,
61 verbose linkStuff   '/media/shediv/f4172ce9-0c83-4af4-a51f-69e5b9b065ba/nodeSkeleton/node_modules' ]
62 info linkStuff multer@1.1.0
63 verbose linkBins multer@1.1.0
64 verbose linkMans multer@1.1.0
65 verbose rebuildBundles multer@1.1.0
66 verbose rebuildBundles [ 'append-field',
66 verbose rebuildBundles   'busboy',
66 verbose rebuildBundles   'concat-stream',
66 verbose rebuildBundles   'object-assign',
66 verbose rebuildBundles   'on-finished',
66 verbose rebuildBundles   'type-is',
66 verbose rebuildBundles   'xtend' ]
67 info install multer@1.1.0
68 info postinstall multer@1.1.0
69 verbose rebuild bundle /media/shediv/f4172ce9-0c83-4af4-a51f-69e5b9b065ba/nodeSkeleton/node_modules/node-sass
70 info build /media/shediv/f4172ce9-0c83-4af4-a51f-69e5b9b065ba/nodeSkeleton/node_modules/node-sass
71 info preinstall node-sass@3.4.2
72 verbose linkStuff [ false,
72 verbose linkStuff   false,
72 verbose linkStuff   false,
72 verbose linkStuff   '/media/shediv/f4172ce9-0c83-4af4-a51f-69e5b9b065ba/nodeSkeleton/node_modules' ]
73 info linkStuff node-sass@3.4.2
74 verbose linkBins node-sass@3.4.2
75 verbose link bins [ { 'node-sass': 'bin/node-sass' },
75 verbose link bins   '/media/shediv/f4172ce9-0c83-4af4-a51f-69e5b9b065ba/nodeSkeleton/node_modules/.bin',
75 verbose link bins   false ]
76 verbose linkMans node-sass@3.4.2
77 verbose rebuildBundles node-sass@3.4.2
78 verbose rebuildBundles [ '.bin',
78 verbose rebuildBundles   'async-foreach',
78 verbose rebuildBundles   'chalk',
78 verbose rebuildBundles   'cross-spawn',
78 verbose rebuildBundles   'gaze',
78 verbose rebuildBundles   'get-stdin',
78 verbose rebuildBundles   'glob',
78 verbose rebuildBundles   'meow',
78 verbose rebuildBundles   'nan',
78 verbose rebuildBundles   'node-gyp',
78 verbose rebuildBundles   'npmconf',
78 verbose rebuildBundles   'request',
78 verbose rebuildBundles   'sass-graph' ]
79 info install node-sass@3.4.2
80 verbose unsafe-perm in lifecycle false
81 info postinstall node-sass@3.4.2
82 verbose unsafe-perm in lifecycle false
83 info node-sass@3.4.2 Failed to exec postinstall script
84 error node-sass@3.4.2 postinstall: `node scripts/build.js`
84 error Exit status 135
85 error Failed at the node-sass@3.4.2 postinstall script.
85 error This is most likely a problem with the node-sass package,
85 error not with npm itself.
85 error Tell the author that this fails on your system:
85 error     node scripts/build.js
85 error You can get their info via:
85 error     npm owner ls node-sass
85 error There is likely additional logging output above.
86 error System Linux 3.13.0-65-generic
87 error command "/usr/bin/node" "/usr/bin/npm" "install"
88 error cwd /media/shediv/f4172ce9-0c83-4af4-a51f-69e5b9b065ba/nodeSkeleton
89 error node -v v0.10.40
90 error npm -v 1.4.28
91 error code ELIFECYCLE
92 verbose exit [ 1, true ]
